0 info it worked if it ends with ok
1 verbose cli [ '/usr/local/bin/node', '/usr/local/bin/npm', 'publish' ]
2 info using npm@3.8.6
3 info using node@v6.1.0
4 verbose publish [ '.' ]
5 silly cache add args [ '.', null ]
6 verbose cache add spec .
7 silly cache add parsed spec Result {
7 silly cache add   raw: '.',
7 silly cache add   scope: null,
7 silly cache add   name: null,
7 silly cache add   rawSpec: '.',
7 silly cache add   spec: '/usr/local/lib/node_modules/dojodojo',
7 silly cache add   type: 'directory' }
8 verbose addLocalDirectory /Users/henricavalcante/.npm/dojodojo/1.0.2/package.tgz not in flight; packing
9 verbose correctMkdir /Users/henricavalcante/.npm correctMkdir not in flight; initializing
10 info lifecycle dojodojo@1.0.2~prepublish: dojodojo@1.0.2
11 silly lifecycle dojodojo@1.0.2~prepublish: no script for prepublish, continuing
12 verbose tar pack [ '/Users/henricavalcante/.npm/dojodojo/1.0.2/package.tgz',
12 verbose tar pack   '/usr/local/lib/node_modules/dojodojo' ]
13 verbose tarball /Users/henricavalcante/.npm/dojodojo/1.0.2/package.tgz
14 verbose folder /usr/local/lib/node_modules/dojodojo
15 verbose addLocalTarball adding from inside cache /Users/henricavalcante/.npm/dojodojo/1.0.2/package.tgz
16 verbose correctMkdir /Users/henricavalcante/.npm correctMkdir not in flight; initializing
17 silly cache afterAdd dojodojo@1.0.2
18 verbose afterAdd /Users/henricavalcante/.npm/dojodojo/1.0.2/package/package.json not in flight; writing
19 verbose correctMkdir /Users/henricavalcante/.npm correctMkdir not in flight; initializing
20 verbose afterAdd /Users/henricavalcante/.npm/dojodojo/1.0.2/package/package.json written
21 silly publish { author: { name: 'Henri Cavalcante' },
21 silly publish   bin: { dojodojo: 'dojodojo.js' },
21 silly publish   bugs: { url: 'https://github.com/henricavalcante/dojodojo/issues' },
21 silly publish   dependencies:
21 silly publish    { chalk: '^1.0.0',
21 silly publish      commander: '^2.8.1',
21 silly publish      express: '^4.12.4',
21 silly publish      lodash: '^3.9.3',
21 silly publish      react: '^0.13.3',
21 silly publish      'socket.io': '^1.3.5' },
21 silly publish   description: 'Under Construction - To make a dojo in git repository, commiting and randomizing the code just type dojodojo.',
21 silly publish   devDependencies: {},
21 silly publish   gitHead: 'd9158790b26fd294c92a6dc7ca86304b3e9251ad',
21 silly publish   homepage: 'https://github.com/henricavalcante/dojodojo#readme',
21 silly publish   license: 'MIT',
21 silly publish   main: 'dojodojo.js',
21 silly publish   name: 'dojodojo',
21 silly publish   optionalDependencies: {},
21 silly publish   preferGlobal: true,
21 silly publish   readme: 'ERROR: No README data found!',
21 silly publish   repository:
21 silly publish    { type: 'git',
21 silly publish      url: 'git+https://github.com/henricavalcante/dojodojo.git' },
21 silly publish   scripts: { test: 'grunt test' },
21 silly publish   version: '1.0.2',
21 silly publish   _id: 'dojodojo@1.0.2',
21 silly publish   _shasum: '9dfe76dd7a1788eb1a650798626f1bf3b555a529',
21 silly publish   _from: '.' }
22 verbose getPublishConfig undefined
23 silly mapToRegistry name dojodojo
24 silly mapToRegistry using default registry
25 silly mapToRegistry registry https://registry.npmjs.org/
26 silly mapToRegistry data Result {
26 silly mapToRegistry   raw: 'dojodojo',
26 silly mapToRegistry   scope: null,
26 silly mapToRegistry   name: 'dojodojo',
26 silly mapToRegistry   rawSpec: '',
26 silly mapToRegistry   spec: 'latest',
26 silly mapToRegistry   type: 'tag' }
27 silly mapToRegistry uri https://registry.npmjs.org/dojodojo
28 verbose publish registryBase https://registry.npmjs.org/
29 silly publish uploading /Users/henricavalcante/.npm/dojodojo/1.0.2/package.tgz
30 verbose request uri https://registry.npmjs.org/dojodojo
31 verbose request sending authorization for write operation
32 info attempt registry request try #1 at 7:53:12 PM
33 verbose request using bearer token for auth
34 verbose request id 220e9d898ddc8b0f
35 http request PUT https://registry.npmjs.org/dojodojo
36 http 403 https://registry.npmjs.org/dojodojo
37 verbose headers { 'content-type': 'application/json',
37 verbose headers   'cache-control': 'max-age=300',
37 verbose headers   'content-length': '95',
37 verbose headers   'accept-ranges': 'bytes',
37 verbose headers   date: 'Thu, 19 May 2016 22:53:14 GMT',
37 verbose headers   via: '1.1 varnish',
37 verbose headers   connection: 'keep-alive',
37 verbose headers   'x-served-by': 'cache-iad2144-IAD',
37 verbose headers   'x-cache': 'MISS',
37 verbose headers   'x-cache-hits': '0',
37 verbose headers   'x-timer': 'S1463698393.205618,VS0,VE1025',
37 verbose headers   vary: 'Accept-Encoding' }
38 verbose request invalidating /Users/henricavalcante/.npm/registry.npmjs.org/dojodojo on PUT
39 error publish Failed PUT 403
40 verbose stack Error: "You cannot publish over the previously published version 1.0.2." : dojodojo
40 verbose stack     at makeError (/usr/local/lib/node_modules/npm/node_modules/npm-registry-client/lib/request.js:264:12)
40 verbose stack     at CachingRegistryClient.<anonymous> (/usr/local/lib/node_modules/npm/node_modules/npm-registry-client/lib/request.js:252:14)
40 verbose stack     at Request._callback (/usr/local/lib/node_modules/npm/node_modules/npm-registry-client/lib/request.js:172:14)
40 verbose stack     at Request.self.callback (/usr/local/lib/node_modules/npm/node_modules/request/request.js:199:22)
40 verbose stack     at emitTwo (events.js:106:13)
40 verbose stack     at Request.emit (events.js:191:7)
40 verbose stack     at Request.<anonymous> (/usr/local/lib/node_modules/npm/node_modules/request/request.js:1036:10)
40 verbose stack     at emitOne (events.js:101:20)
40 verbose stack     at Request.emit (events.js:188:7)
40 verbose stack     at IncomingMessage.<anonymous> (/usr/local/lib/node_modules/npm/node_modules/request/request.js:963:12)
41 verbose statusCode 403
42 verbose pkgid dojodojo
43 verbose cwd /usr/local/lib/node_modules/dojodojo
44 error Darwin 14.5.0
45 error argv "/usr/local/bin/node" "/usr/local/bin/npm" "publish"
46 error node v6.1.0
47 error npm  v3.8.6
48 error code E403
49 error "You cannot publish over the previously published version 1.0.2." : dojodojo
50 error If you need help, you may report this error at:
50 error     <https://github.com/npm/npm/issues>
51 verbose exit [ 1, true ]
